  [1m[35m (0.4ms)[0m  [1m[35mSET NAMES utf8mb4,  @@SESSION.sql_mode = CONCAT(CONCAT(@@sql_mode, ',STRICT_ALL_TABLES'), ',NO_AUTO_VALUE_ON_ZERO'),  @@SESSION.sql_auto_is_null = 0, @@SESSION.wait_timeout = 2147483[0m
  [1m[35m (19.7ms)[0m  [1m[35mCREATE DATABASE `web_app_development` DEFAULT CHARACTER SET `utf8mb4`[0m
  [1m[35m (0.6ms)[0m  [1m[35mSET NAMES utf8mb4,  @@SESSION.sql_mode = CONCAT(CONCAT(@@sql_mode, ',STRICT_ALL_TABLES'), ',NO_AUTO_VALUE_ON_ZERO'),  @@SESSION.sql_auto_is_null = 0, @@SESSION.wait_timeout = 2147483[0m
  [1m[35m (9.2ms)[0m  [1m[35mCREATE DATABASE `web_app_test` DEFAULT CHARACTER SET `utf8mb4`[0m
Started GET "/" for ::1 at 2020-11-25 16:14:58 +0700
  [1m[35m (0.6ms)[0m  [1m[35mSET NAMES utf8mb4,  @@SESSION.sql_mode = CONCAT(CONCAT(@@sql_mode, ',STRICT_ALL_TABLES'), ',NO_AUTO_VALUE_ON_ZERO'),  @@SESSION.sql_auto_is_null = 0, @@SESSION.wait_timeout = 2147483[0m
Processing by Rails::WelcomeController#index as HTML
  Rendering /home/viet/.rbenv/versions/2.7.1/lib/ruby/gems/2.7.0/gems/railties-6.0.3.4/lib/rails/templates/rails/welcome/index.html.erb
  Rendered /home/viet/.rbenv/versions/2.7.1/lib/ruby/gems/2.7.0/gems/railties-6.0.3.4/lib/rails/templates/rails/welcome/index.html.erb (Duration: 15.2ms | Allocations: 407)
Completed 200 OK in 32ms (Views: 21.7ms | ActiveRecord: 0.0ms | Allocations: 2386)


<<<<<<< HEAD
=======
  [1m[35m (0.4ms)[0m  [1m[35mSET NAMES utf8mb4,  @@SESSION.sql_mode = CONCAT(CONCAT(@@sql_mode, ',STRICT_ALL_TABLES'), ',NO_AUTO_VALUE_ON_ZERO'),  @@SESSION.sql_auto_is_null = 0, @@SESSION.wait_timeout = 2147483[0m
  [1m[35m (32.0ms)[0m  [1m[35mCREATE TABLE `schema_migrations` (`version` varchar(255) NOT NULL PRIMARY KEY)[0m
  [1m[35m (36.5ms)[0m  [1m[35mCREATE TABLE `ar_internal_metadata` (`key` varchar(255) NOT NULL PRIMARY KEY, `value` varchar(255), `created_at` datetime(6) NOT NULL, `updated_at` datetime(6) NOT NULL)[0m
  [1m[35m (0.6ms)[0m  [1m[35mSET NAMES utf8mb4,  @@SESSION.sql_mode = CONCAT(CONCAT(@@sql_mode, ',STRICT_ALL_TABLES'), ',NO_AUTO_VALUE_ON_ZERO'),  @@SESSION.sql_auto_is_null = 0, @@SESSION.wait_timeout = 2147483[0m
  [1m[35m (0.6ms)[0m  [1m[34mSELECT GET_LOCK('2351731187816918775', 0)[0m
  [1m[35m (6.3ms)[0m  [1m[34mSELECT `schema_migrations`.`version` FROM `schema_migrations` ORDER BY `schema_migrations`.`version` ASC[0m
Migrating to CreateUsers (20201126150254)
  [1m[35m (31.5ms)[0m  [1m[35mCREATE TABLE `users` (`id` bigint NOT NULL AUTO_INCREMENT PRIMARY KEY, `firstname` varchar(255), `lastname` varchar(255), `phone` varchar(255), `email` varchar(255), `address` varchar(255), `gender` int, `role` int, `username` varchar(255), `password_digest` varchar(255), `remember_digest` varchar(255), `activation_digest` varchar(255), `activaced` tinyint(1), `activaced_at` datetime, `created_at` datetime(6) NOT NULL, `updated_at` datetime(6) NOT NULL)[0m
  [1m[35m (0.2ms)[0m  [1m[35mBEGIN[0m
  [1m[36mprimary::SchemaMigration Create (0.4ms)[0m  [1m[32mINSERT INTO `schema_migrations` (`version`) VALUES ('20201126150254')[0m
  [1m[35m (10.4ms)[0m  [1m[35mCOMMIT[0m
Migrating to CreateBrands (20201126150533)
  [1m[35m (82.5ms)[0m  [1m[35mCREATE TABLE `brands` (`id` bigint NOT NULL AUTO_INCREMENT PRIMARY KEY, `name` varchar(255), `created_at` datetime(6) NOT NULL, `updated_at` datetime(6) NOT NULL)[0m
  [1m[35m (0.7ms)[0m  [1m[35mBEGIN[0m
  [1m[36mprimary::SchemaMigration Create (1.0ms)[0m  [1m[32mINSERT INTO `schema_migrations` (`version`) VALUES ('20201126150533')[0m
  [1m[35m (9.2ms)[0m  [1m[35mCOMMIT[0m
Migrating to CreateCategories (20201126150637)
  [1m[35m (34.7ms)[0m  [1m[35mCREATE TABLE `categories` (`id` bigint NOT NULL AUTO_INCREMENT PRIMARY KEY, `name` varchar(255), `created_at` datetime(6) NOT NULL, `updated_at` datetime(6) NOT NULL)[0m
  [1m[35m (0.3ms)[0m  [1m[35mBEGIN[0m
  [1m[36mprimary::SchemaMigration Create (0.6ms)[0m  [1m[32mINSERT INTO `schema_migrations` (`version`) VALUES ('20201126150637')[0m
  [1m[35m (5.1ms)[0m  [1m[35mCOMMIT[0m
Migrating to CreateProducts (20201126150902)
  [1m[35m (87.4ms)[0m  [1m[35mCREATE TABLE `products` (`id` bigint NOT NULL AUTO_INCREMENT PRIMARY KEY, `category_id` bigint NOT NULL, `name` varchar(255), `price` float(24), `brand_id` bigint NOT NULL, `descript` text, `operating_system` varchar(255), `created_at` datetime(6) NOT NULL, `updated_at` datetime(6) NOT NULL,  INDEX `index_products_on_category_id`  (`category_id`),  INDEX `index_products_on_brand_id`  (`brand_id`), CONSTRAINT `fk_rails_fb915499a4`
FOREIGN KEY (`category_id`)
  REFERENCES `categories` (`id`)
, CONSTRAINT `fk_rails_f3b4d49caa`
FOREIGN KEY (`brand_id`)
  REFERENCES `brands` (`id`)
)[0m
  [1m[35m (0.5ms)[0m  [1m[35mBEGIN[0m
  [1m[36mprimary::SchemaMigration Create (0.9ms)[0m  [1m[32mINSERT INTO `schema_migrations` (`version`) VALUES ('20201126150902')[0m
  [1m[35m (6.2ms)[0m  [1m[35mCOMMIT[0m
Migrating to CreateStocks (20201126150938)
  [1m[35m (40.0ms)[0m  [1m[35mCREATE TABLE `stocks` (`id` bigint NOT NULL AUTO_INCREMENT PRIMARY KEY, `product_id` bigint NOT NULL, `quantity` int, `created_at` datetime(6) NOT NULL, `updated_at` datetime(6) NOT NULL,  INDEX `index_stocks_on_product_id`  (`product_id`), CONSTRAINT `fk_rails_cfc800c26b`
FOREIGN KEY (`product_id`)
  REFERENCES `products` (`id`)
)[0m
  [1m[35m (0.3ms)[0m  [1m[35mBEGIN[0m
  [1m[36mprimary::SchemaMigration Create (0.5ms)[0m  [1m[32mINSERT INTO `schema_migrations` (`version`) VALUES ('20201126150938')[0m
  [1m[35m (4.8ms)[0m  [1m[35mCOMMIT[0m
Migrating to CreateComments (20201126151119)
  [1m[35m (56.5ms)[0m  [1m[35mCREATE TABLE `comments` (`id` bigint NOT NULL AUTO_INCREMENT PRIMARY KEY, `user_id` bigint NOT NULL, `product_id` bigint NOT NULL, `content` text, `created_at` datetime(6) NOT NULL, `updated_at` datetime(6) NOT NULL,  INDEX `index_comments_on_user_id`  (`user_id`),  INDEX `index_comments_on_product_id`  (`product_id`), CONSTRAINT `fk_rails_03de2dc08c`
FOREIGN KEY (`user_id`)
  REFERENCES `users` (`id`)
, CONSTRAINT `fk_rails_a0d280f6e4`
FOREIGN KEY (`product_id`)
  REFERENCES `products` (`id`)
)[0m
  [1m[35m (0.8ms)[0m  [1m[35mBEGIN[0m
  [1m[36mprimary::SchemaMigration Create (0.9ms)[0m  [1m[32mINSERT INTO `schema_migrations` (`version`) VALUES ('20201126151119')[0m
  [1m[35m (5.4ms)[0m  [1m[35mCOMMIT[0m
Migrating to CreateRatings (20201126151151)
  [1m[35m (68.7ms)[0m  [1m[35mCREATE TABLE `ratings` (`id` bigint NOT NULL AUTO_INCREMENT PRIMARY KEY, `user_id` bigint NOT NULL, `product_id` bigint NOT NULL, `content` text, `star` int, `created_at` datetime(6) NOT NULL, `updated_at` datetime(6) NOT NULL,  INDEX `index_ratings_on_user_id`  (`user_id`),  INDEX `index_ratings_on_product_id`  (`product_id`), CONSTRAINT `fk_rails_a7dfeb9f5f`
FOREIGN KEY (`user_id`)
  REFERENCES `users` (`id`)
, CONSTRAINT `fk_rails_f846e598a7`
FOREIGN KEY (`product_id`)
  REFERENCES `products` (`id`)
)[0m
  [1m[35m (0.8ms)[0m  [1m[35mBEGIN[0m
  [1m[36mprimary::SchemaMigration Create (1.0ms)[0m  [1m[32mINSERT INTO `schema_migrations` (`version`) VALUES ('20201126151151')[0m
  [1m[35m (5.6ms)[0m  [1m[35mCOMMIT[0m
Migrating to CreatePayments (20201126151252)
  [1m[35m (45.8ms)[0m  [1m[35mCREATE TABLE `payments` (`id` bigint NOT NULL AUTO_INCREMENT PRIMARY KEY, `payment_method` varchar(255), `payment_date` datetime, `created_at` datetime(6) NOT NULL, `updated_at` datetime(6) NOT NULL)[0m
  [1m[35m (0.2ms)[0m  [1m[35mBEGIN[0m
  [1m[36mprimary::SchemaMigration Create (0.3ms)[0m  [1m[32mINSERT INTO `schema_migrations` (`version`) VALUES ('20201126151252')[0m
  [1m[35m (5.4ms)[0m  [1m[35mCOMMIT[0m
Migrating to CreateOrders (20201126151427)
  [1m[35m (52.2ms)[0m  [1m[35mCREATE TABLE `orders` (`id` bigint NOT NULL AUTO_INCREMENT PRIMARY KEY, `user_id` bigint NOT NULL, `payment_id` bigint NOT NULL, `receiver` float(24), `address` varchar(255), `phone` varchar(255), `status` int, `created_at` datetime(6) NOT NULL, `updated_at` datetime(6) NOT NULL,  INDEX `index_orders_on_user_id`  (`user_id`),  INDEX `index_orders_on_payment_id`  (`payment_id`), CONSTRAINT `fk_rails_f868b47f6a`
FOREIGN KEY (`user_id`)
  REFERENCES `users` (`id`)
, CONSTRAINT `fk_rails_84d308e2db`
FOREIGN KEY (`payment_id`)
  REFERENCES `payments` (`id`)
)[0m
  [1m[35m (0.2ms)[0m  [1m[35mBEGIN[0m
  [1m[36mprimary::SchemaMigration Create (0.4ms)[0m  [1m[32mINSERT INTO `schema_migrations` (`version`) VALUES ('20201126151427')[0m
  [1m[35m (5.1ms)[0m  [1m[35mCOMMIT[0m
  [1m[36mActiveRecord::InternalMetadata Load (1.1ms)[0m  [1m[34mSELECT `ar_internal_metadata`.* FROM `ar_internal_metadata` WHERE `ar_internal_metadata`.`key` = 'environment' LIMIT 1[0m
  [1m[35m (0.2ms)[0m  [1m[35mBEGIN[0m
  [1m[36mActiveRecord::InternalMetadata Create (0.5ms)[0m  [1m[32mINSERT INTO `ar_internal_metadata` (`key`, `value`, `created_at`, `updated_at`) VALUES ('environment', 'development', '2020-11-26 15:14:42.239661', '2020-11-26 15:14:42.239661')[0m
  [1m[35m (5.0ms)[0m  [1m[35mCOMMIT[0m
  [1m[35m (0.5ms)[0m  [1m[34mSELECT RELEASE_LOCK('2351731187816918775')[0m
  [1m[35m (0.3ms)[0m  [1m[35mSET NAMES utf8mb4,  @@SESSION.sql_mode = CONCAT(CONCAT(@@sql_mode, ',STRICT_ALL_TABLES'), ',NO_AUTO_VALUE_ON_ZERO'),  @@SESSION.sql_auto_is_null = 0, @@SESSION.wait_timeout = 2147483[0m
  [1m[35m (0.6ms)[0m  [1m[34mSELECT `schema_migrations`.`version` FROM `schema_migrations` ORDER BY `schema_migrations`.`version` ASC[0m
>>>>>>> create-model-table
